<?xml version="1.0" encoding="UTF-8"?>
<!-- Generated by org.testng.reporters.JUnitReportReporter -->
<testsuite hostname="DK" failures="0" tests="1" name="comcast.CRM.main.Vtiger.Hiten" time="19.329" errors="0" timestamp="2024-08-05T16:26:42 IST" skipped="0">
  <testcase classname="comcast.CRM.main.Vtiger.Hiten" name="createOrgTest" time="19.329"/>
  <system-out/>
</testsuite> <!-- comcast.CRM.main.Vtiger.Hiten -->
