<?xml version="1.0" encoding="UTF-8"?>
<!-- Generated by org.testng.reporters.JUnitReportReporter -->
<testsuite hostname="DK" failures="0" tests="1" name="createContact.createOrgTest" time="0.012" errors="0" timestamp="2024-08-08T16:08:49 IST" skipped="0">
  <testcase classname="createContact.createOrgTest" name="createOgeTest" time="0.012"/>
  <system-out/>
</testsuite> <!-- createContact.createOrgTest -->
